# Logfile created on 2019-02-05 17:17:03 +0000 by logger.rb/54362
I, [2019-02-05T17:17:03.149863 #1235]  INFO -- : 0:  rake (12.3.2) from /usr/local/rvm/gems/ruby-2.3.1/specifications/rake-12.3.2.gemspec
I, [2019-02-05T17:17:03.150445 #1235]  INFO -- : 0:  concurrent-ruby (1.1.4) from /usr/local/rvm/gems/ruby-2.3.1/specifications/concurrent-ruby-1.1.4.gemspec
I, [2019-02-05T17:17:03.151032 #1235]  INFO -- : 0:  i18n (0.9.5) from /usr/local/rvm/gems/ruby-2.3.1/specifications/i18n-0.9.5.gemspec
I, [2019-02-05T17:17:03.220868 #1235]  INFO -- : 0:  minitest (5.11.3) from /usr/local/rvm/gems/ruby-2.3.1/specifications/minitest-5.11.3.gemspec
I, [2019-02-05T17:17:03.221517 #1235]  INFO -- : 0:  thread_safe (0.3.6) from /usr/local/rvm/gems/ruby-2.3.1/specifications/thread_safe-0.3.6.gemspec
I, [2019-02-05T17:17:03.223198 #1235]  INFO -- : 0:  tzinfo (1.2.5) from /usr/local/rvm/gems/ruby-2.3.1/specifications/tzinfo-1.2.5.gemspec
I, [2019-02-05T17:17:03.431693 #1235]  INFO -- : 0:  activesupport (4.2.11) from /usr/local/rvm/gems/ruby-2.3.1/specifications/activesupport-4.2.11.gemspec
I, [2019-02-05T17:17:03.432200 #1235]  INFO -- : 0:  builder (3.2.3) from /usr/local/rvm/gems/ruby-2.3.1/specifications/builder-3.2.3.gemspec
I, [2019-02-05T17:17:03.432445 #1235]  INFO -- : 0:  erubis (2.7.0) from /usr/local/rvm/gems/ruby-2.3.1/specifications/erubis-2.7.0.gemspec
I, [2019-02-05T17:17:03.432802 #1235]  INFO -- : 0:  mini_portile2 (2.4.0) from /usr/local/rvm/gems/ruby-2.3.1/specifications/mini_portile2-2.4.0.gemspec
I, [2019-02-05T17:17:03.433198 #1235]  INFO -- : 0:  nokogiri (1.10.1) from /usr/local/rvm/gems/ruby-2.3.1/specifications/nokogiri-1.10.1.gemspec
I, [2019-02-05T17:17:03.433541 #1235]  INFO -- : 0:  rails-deprecated_sanitizer (1.0.3) from /usr/local/rvm/gems/ruby-2.3.1/specifications/rails-deprecated_sanitizer-1.0.3.gemspec
I, [2019-02-05T17:17:03.434089 #1235]  INFO -- : 0:  rails-dom-testing (1.0.9) from /usr/local/rvm/gems/ruby-2.3.1/specifications/rails-dom-testing-1.0.9.gemspec
I, [2019-02-05T17:17:03.434453 #1235]  INFO -- : 0:  crass (1.0.4) from /usr/local/rvm/gems/ruby-2.3.1/specifications/crass-1.0.4.gemspec
I, [2019-02-05T17:17:03.434767 #1235]  INFO -- : 0:  loofah (2.2.3) from /usr/local/rvm/gems/ruby-2.3.1/specifications/loofah-2.2.3.gemspec
I, [2019-02-05T17:17:03.435120 #1235]  INFO -- : 0:  rails-html-sanitizer (1.0.4) from /usr/local/rvm/gems/ruby-2.3.1/specifications/rails-html-sanitizer-1.0.4.gemspec
I, [2019-02-05T17:17:03.560299 #1235]  INFO -- : 0:  actionview (4.2.11) from /usr/local/rvm/gems/ruby-2.3.1/specifications/actionview-4.2.11.gemspec
I, [2019-02-05T17:17:03.560902 #1235]  INFO -- : 0:  rack (1.6.11) from /usr/local/rvm/gems/ruby-2.3.1/specifications/rack-1.6.11.gemspec
I, [2019-02-05T17:17:03.561356 #1235]  INFO -- : 0:  rack-test (0.6.3) from /usr/local/rvm/gems/ruby-2.3.1/specifications/rack-test-0.6.3.gemspec
I, [2019-02-05T17:17:05.914732 #1235]  INFO -- : 0:  actionpack (4.2.11) from /usr/local/rvm/gems/ruby-2.3.1/specifications/actionpack-4.2.11.gemspec
I, [2019-02-05T17:17:05.915301 #1235]  INFO -- : 0:  globalid (0.4.2) from /usr/local/rvm/gems/ruby-2.3.1/specifications/globalid-0.4.2.gemspec
I, [2019-02-05T17:17:05.979722 #1235]  INFO -- : 0:  activejob (4.2.11) from /usr/local/rvm/gems/ruby-2.3.1/specifications/activejob-4.2.11.gemspec
I, [2019-02-05T17:17:05.980401 #1235]  INFO -- : 0:  mini_mime (1.0.1) from /usr/local/rvm/gems/ruby-2.3.1/specifications/mini_mime-1.0.1.gemspec
I, [2019-02-05T17:17:05.980958 #1235]  INFO -- : 0:  mail (2.7.1) from /usr/local/rvm/gems/ruby-2.3.1/specifications/mail-2.7.1.gemspec
I, [2019-02-05T17:17:06.031913 #1235]  INFO -- : 0:  actionmailer (4.2.11) from /usr/local/rvm/gems/ruby-2.3.1/specifications/actionmailer-4.2.11.gemspec
I, [2019-02-05T17:17:06.085995 #1235]  INFO -- : 0:  activemodel (4.2.11) from /usr/local/rvm/gems/ruby-2.3.1/specifications/activemodel-4.2.11.gemspec
I, [2019-02-05T17:17:06.086568 #1235]  INFO -- : 0:  arel (6.0.4) from /usr/local/rvm/gems/ruby-2.3.1/specifications/arel-6.0.4.gemspec
I, [2019-02-05T17:17:06.390322 #1235]  INFO -- : 0:  activerecord (4.2.11) from /usr/local/rvm/gems/ruby-2.3.1/specifications/activerecord-4.2.11.gemspec
I, [2019-02-05T17:17:06.391029 #1235]  INFO -- : 0:  public_suffix (3.0.3) from /usr/local/rvm/gems/ruby-2.3.1/specifications/public_suffix-3.0.3.gemspec
I, [2019-02-05T17:17:06.391486 #1235]  INFO -- : 0:  addressable (2.6.0) from /usr/local/rvm/gems/ruby-2.3.1/specifications/addressable-2.6.0.gemspec
I, [2019-02-05T17:17:06.391932 #1235]  INFO -- : 0:  bundler (1.5.0) from /usr/local/rvm/gems/ruby-2.3.1/specifications/bundler-1.5.0.gemspec
I, [2019-02-05T17:17:06.392397 #1235]  INFO -- : 0:  byebug (10.0.2) from /usr/local/rvm/gems/ruby-2.3.1/specifications/byebug-10.0.2.gemspec
I, [2019-02-05T17:17:06.392869 #1235]  INFO -- : 0:  regexp_parser (1.3.0) from /usr/local/rvm/gems/ruby-2.3.1/specifications/regexp_parser-1.3.0.gemspec
I, [2019-02-05T17:17:06.393339 #1235]  INFO -- : 0:  xpath (3.2.0) from /usr/local/rvm/gems/ruby-2.3.1/specifications/xpath-3.2.0.gemspec
I, [2019-02-05T17:17:06.393815 #1235]  INFO -- : 0:  capybara (3.13.2) from /usr/local/rvm/gems/ruby-2.3.1/specifications/capybara-3.13.2.gemspec
I, [2019-02-05T17:17:06.394297 #1235]  INFO -- : 0:  coffee-script-source (1.12.2) from /usr/local/rvm/gems/ruby-2.3.1/specifications/coffee-script-source-1.12.2.gemspec
I, [2019-02-05T17:17:06.394739 #1235]  INFO -- : 0:  execjs (2.7.0) from /usr/local/rvm/gems/ruby-2.3.1/specifications/execjs-2.7.0.gemspec
I, [2019-02-05T17:17:06.395212 #1235]  INFO -- : 0:  coffee-script (2.4.1) from /usr/local/rvm/gems/ruby-2.3.1/specifications/coffee-script-2.4.1.gemspec
I, [2019-02-05T17:17:06.395668 #1235]  INFO -- : 0:  thor (0.20.3) from /usr/local/rvm/gems/ruby-2.3.1/specifications/thor-0.20.3.gemspec
I, [2019-02-05T17:17:06.674277 #1235]  INFO -- : 0:  railties (4.2.11) from /usr/local/rvm/gems/ruby-2.3.1/specifications/railties-4.2.11.gemspec
I, [2019-02-05T17:17:06.674973 #1235]  INFO -- : 0:  coffee-rails (4.1.1) from /usr/local/rvm/gems/ruby-2.3.1/specifications/coffee-rails-4.1.1.gemspec
I, [2019-02-05T17:17:06.675449 #1235]  INFO -- : 0:  database_cleaner (1.7.0) from /usr/local/rvm/gems/ruby-2.3.1/specifications/database_cleaner-1.7.0.gemspec
I, [2019-02-05T17:17:06.676030 #1235]  INFO -- : 0:  diff-lcs (1.3) from /usr/local/rvm/gems/ruby-2.3.1/specifications/diff-lcs-1.3.gemspec
I, [2019-02-05T17:17:06.676458 #1235]  INFO -- : 0:  factory_girl (4.9.0) from /usr/local/rvm/gems/ruby-2.3.1/specifications/factory_girl-4.9.0.gemspec
I, [2019-02-05T17:17:06.677135 #1235]  INFO -- : 0:  factory_girl_rails (4.9.0) from /usr/local/rvm/gems/ruby-2.3.1/specifications/factory_girl_rails-4.9.0.gemspec
I, [2019-02-05T17:17:06.677504 #1235]  INFO -- : 0:  ffi (1.10.0) from /usr/local/rvm/gems/ruby-2.3.1/specifications/ffi-1.10.0.gemspec
I, [2019-02-05T17:17:06.678000 #1235]  INFO -- : 0:  multi_json (1.13.1) from /usr/local/rvm/gems/ruby-2.3.1/specifications/multi_json-1.13.1.gemspec
I, [2019-02-05T17:17:06.678614 #1235]  INFO -- : 0:  jbuilder (2.8.0) from /usr/local/rvm/gems/ruby-2.3.1/specifications/jbuilder-2.8.0.gemspec
I, [2019-02-05T17:17:06.679032 #1235]  INFO -- : 0:  jquery-rails (4.3.3) from /usr/local/rvm/gems/ruby-2.3.1/specifications/jquery-rails-4.3.3.gemspec
E, [2019-02-05T17:17:06.833760 #1235] ERROR -- : Gem::Ext::BuildError: ERROR: Failed to build gem native extension.

    current directory: /usr/local/rvm/gems/ruby-2.3.1/gems/json-1.8.6/ext/json/ext/generator
/usr/local/rvm/rubies/ruby-2.3.1/bin/ruby -I /usr/local/rvm/rubies/ruby-2.3.1/lib/ruby/site_ruby/2.3.0 -r ./siteconf20190205-1235-1ta6gbi.rb extconf.rb ''
extconf failedno implicit conversion of nil into String

Gem files will remain installed in /usr/local/rvm/gems/ruby-2.3.1/gems/json-1.8.6 for inspection.
Results logged to /usr/local/rvm/gems/ruby-2.3.1/extensions/x86_64-linux/2.3.0/json-1.8.6/gem_make.out

/usr/local/rvm/rubies/ruby-2.3.1/lib/ruby/site_ruby/2.3.0/rubygems/ext/builder.rb:84:in `rescue in run'  \n/usr/local/rvm/rubies/ruby-2.3.1/lib/ruby/site_ruby/2.3.0/rubygems/ext/builder.rb:87:in `run'  \n/usr/local/rvm/rubies/ruby-2.3.1/lib/ruby/site_ruby/2.3.0/rubygems/ext/ext_conf_builder.rb:47:in `block in build'  \n/usr/local/rvm/rubies/ruby-2.3.1/lib/ruby/2.3.0/tempfile.rb:295:in `open'  \n/usr/local/rvm/rubies/ruby-2.3.1/lib/ruby/site_ruby/2.3.0/rubygems/ext/ext_conf_builder.rb:29:in `build'  \n/usr/local/rvm/rubies/ruby-2.3.1/lib/ruby/site_ruby/2.3.0/rubygems/ext/builder.rb:185:in `block in build_extension'  \n/usr/local/rvm/rubies/ruby-2.3.1/lib/ruby/site_ruby/2.3.0/rubygems/ext/builder.rb:181:in `synchronize'  \n/usr/local/rvm/rubies/ruby-2.3.1/lib/ruby/site_ruby/2.3.0/rubygems/ext/builder.rb:181:in `build_extension'  \n/usr/local/rvm/rubies/ruby-2.3.1/lib/ruby/site_ruby/2.3.0/rubygems/ext/builder.rb:229:in `block in build_extensions'  \n/usr/local/rvm/rubies/ruby-2.3.1/lib/ruby/site_ruby/2.3.0/rubygems/ext/builder.rb:226:in `each'  \n/usr/local/rvm/rubies/ruby-2.3.1/lib/ruby/site_ruby/2.3.0/rubygems/ext/builder.rb:226:in `build_extensions'  \n/usr/local/rvm/rubies/ruby-2.3.1/lib/ruby/site_ruby/2.3.0/rubygems/installer.rb:813:in `build_extensions'  \n/usr/local/rvm/rubies/ruby-2.3.1/lib/ruby/site_ruby/2.3.0/rubygems/installer.rb:320:in `install'  \n/usr/local/rvm/gems/ruby-2.3.1/gems/bundler-1.5.0/lib/bundler/source/rubygems.rb:101:in `block in install'  \n/usr/local/rvm/gems/ruby-2.3.1/gems/bundler-1.5.0/lib/bundler/rubygems_integration.rb:118:in `preserve_paths'  \n/usr/local/rvm/gems/ruby-2.3.1/gems/bundler-1.5.0/lib/bundler/source/rubygems.rb:94:in `install'  \n/usr/local/rvm/gems/ruby-2.3.1/gems/bundler-1.5.0/lib/bundler/installer.rb:111:in `block in install_gem_from_spec'  \n/usr/local/rvm/gems/ruby-2.3.1/gems/bundler-1.5.0/lib/bundler/rubygems_integration.rb:150:in `with_build_args'  \n/usr/local/rvm/gems/ruby-2.3.1/gems/bundler-1.5.0/lib/bundler/installer.rb:110:in `install_gem_from_spec'  \n/usr/local/rvm/gems/ruby-2.3.1/gems/bundler-1.5.0/lib/bundler/installer.rb:295:in `block in install_sequentially'  \n/usr/local/rvm/rubies/ruby-2.3.1/lib/ruby/2.3.0/forwardable.rb:189:in `each'  \n/usr/local/rvm/rubies/ruby-2.3.1/lib/ruby/2.3.0/forwardable.rb:189:in `each'  \n/usr/local/rvm/gems/ruby-2.3.1/gems/bundler-1.5.0/lib/bundler/installer.rb:294:in `install_sequentially'  \n/usr/local/rvm/gems/ruby-2.3.1/gems/bundler-1.5.0/lib/bundler/installer.rb:97:in `run'  \n/usr/local/rvm/gems/ruby-2.3.1/gems/bundler-1.5.0/lib/bundler/installer.rb:15:in `install'  \n/usr/local/rvm/gems/ruby-2.3.1/gems/bundler-1.5.0/lib/bundler/cli.rb:257:in `install'  \n/usr/local/rvm/gems/ruby-2.3.1/gems/bundler-1.5.0/lib/bundler/vendor/thor/command.rb:27:in `run'  \n/usr/local/rvm/gems/ruby-2.3.1/gems/bundler-1.5.0/lib/bundler/vendor/thor/invocation.rb:120:in `invoke_command'  \n/usr/local/rvm/gems/ruby-2.3.1/gems/bundler-1.5.0/lib/bundler/vendor/thor.rb:363:in `dispatch'  \n/usr/local/rvm/gems/ruby-2.3.1/gems/bundler-1.5.0/lib/bundler/vendor/thor/base.rb:438:in `start'  \n/usr/local/rvm/gems/ruby-2.3.1/gems/bundler-1.5.0/lib/bundler/cli.rb:10:in `start'  \n/usr/local/rvm/gems/ruby-2.3.1/gems/bundler-1.5.0/bin/bundle:22:in `block in <top (required)>'  \n/usr/local/rvm/gems/ruby-2.3.1/gems/bundler-1.5.0/lib/bundler/friendly_errors.rb:5:in `with_friendly_errors'  \n/usr/local/rvm/gems/ruby-2.3.1/gems/bundler-1.5.0/bin/bundle:22:in `<top (required)>'  \n/usr/local/rvm/gems/ruby-2.3.1/bin/bundle:23:in `load'  \n/usr/local/rvm/gems/ruby-2.3.1/bin/bundle:23:in `<main>'  \n/usr/local/rvm/gems/ruby-2.3.1/bin/ruby_executable_hooks:15:in `eval'  \n/usr/local/rvm/gems/ruby-2.3.1/bin/ruby_executable_hooks:15:in `<main>'
I, [2019-02-05T17:17:48.040030 #1444]  INFO -- : 0:  rake (12.3.2) from /usr/local/rvm/gems/ruby-2.3.1/specifications/rake-12.3.2.gemspec
I, [2019-02-05T17:17:48.040669 #1444]  INFO -- : 0:  concurrent-ruby (1.1.4) from /usr/local/rvm/gems/ruby-2.3.1/specifications/concurrent-ruby-1.1.4.gemspec
I, [2019-02-05T17:17:48.041332 #1444]  INFO -- : 0:  i18n (0.9.5) from /usr/local/rvm/gems/ruby-2.3.1/specifications/i18n-0.9.5.gemspec
I, [2019-02-05T17:17:48.041767 #1444]  INFO -- : 0:  minitest (5.11.3) from /usr/local/rvm/gems/ruby-2.3.1/specifications/minitest-5.11.3.gemspec
I, [2019-02-05T17:17:48.042125 #1444]  INFO -- : 0:  thread_safe (0.3.6) from /usr/local/rvm/gems/ruby-2.3.1/specifications/thread_safe-0.3.6.gemspec
I, [2019-02-05T17:17:48.042532 #1444]  INFO -- : 0:  tzinfo (1.2.5) from /usr/local/rvm/gems/ruby-2.3.1/specifications/tzinfo-1.2.5.gemspec
I, [2019-02-05T17:17:48.042943 #1444]  INFO -- : 0:  activesupport (4.2.11) from /usr/local/rvm/gems/ruby-2.3.1/specifications/activesupport-4.2.11.gemspec
I, [2019-02-05T17:17:48.043310 #1444]  INFO -- : 0:  builder (3.2.3) from /usr/local/rvm/gems/ruby-2.3.1/specifications/builder-3.2.3.gemspec
I, [2019-02-05T17:17:48.043659 #1444]  INFO -- : 0:  erubis (2.7.0) from /usr/local/rvm/gems/ruby-2.3.1/specifications/erubis-2.7.0.gemspec
I, [2019-02-05T17:17:48.044031 #1444]  INFO -- : 0:  mini_portile2 (2.4.0) from /usr/local/rvm/gems/ruby-2.3.1/specifications/mini_portile2-2.4.0.gemspec
I, [2019-02-05T17:17:48.044420 #1444]  INFO -- : 0:  nokogiri (1.10.1) from /usr/local/rvm/gems/ruby-2.3.1/specifications/nokogiri-1.10.1.gemspec
I, [2019-02-05T17:17:48.044763 #1444]  INFO -- : 0:  rails-deprecated_sanitizer (1.0.3) from /usr/local/rvm/gems/ruby-2.3.1/specifications/rails-deprecated_sanitizer-1.0.3.gemspec
I, [2019-02-05T17:17:48.045181 #1444]  INFO -- : 0:  rails-dom-testing (1.0.9) from /usr/local/rvm/gems/ruby-2.3.1/specifications/rails-dom-testing-1.0.9.gemspec
I, [2019-02-05T17:17:48.045556 #1444]  INFO -- : 0:  crass (1.0.4) from /usr/local/rvm/gems/ruby-2.3.1/specifications/crass-1.0.4.gemspec
I, [2019-02-05T17:17:48.045986 #1444]  INFO -- : 0:  loofah (2.2.3) from /usr/local/rvm/gems/ruby-2.3.1/specifications/loofah-2.2.3.gemspec
I, [2019-02-05T17:17:48.046350 #1444]  INFO -- : 0:  rails-html-sanitizer (1.0.4) from /usr/local/rvm/gems/ruby-2.3.1/specifications/rails-html-sanitizer-1.0.4.gemspec
I, [2019-02-05T17:17:48.046752 #1444]  INFO -- : 0:  actionview (4.2.11) from /usr/local/rvm/gems/ruby-2.3.1/specifications/actionview-4.2.11.gemspec
I, [2019-02-05T17:17:48.047240 #1444]  INFO -- : 0:  rack (1.6.11) from /usr/local/rvm/gems/ruby-2.3.1/specifications/rack-1.6.11.gemspec
I, [2019-02-05T17:17:48.047633 #1444]  INFO -- : 0:  rack-test (0.6.3) from /usr/local/rvm/gems/ruby-2.3.1/specifications/rack-test-0.6.3.gemspec
I, [2019-02-05T17:17:48.048004 #1444]  INFO -- : 0:  actionpack (4.2.11) from /usr/local/rvm/gems/ruby-2.3.1/specifications/actionpack-4.2.11.gemspec
I, [2019-02-05T17:17:48.048390 #1444]  INFO -- : 0:  globalid (0.4.2) from /usr/local/rvm/gems/ruby-2.3.1/specifications/globalid-0.4.2.gemspec
I, [2019-02-05T17:17:48.048729 #1444]  INFO -- : 0:  activejob (4.2.11) from /usr/local/rvm/gems/ruby-2.3.1/specifications/activejob-4.2.11.gemspec
I, [2019-02-05T17:17:48.049057 #1444]  INFO -- : 0:  mini_mime (1.0.1) from /usr/local/rvm/gems/ruby-2.3.1/specifications/mini_mime-1.0.1.gemspec
I, [2019-02-05T17:17:48.049424 #1444]  INFO -- : 0:  mail (2.7.1) from /usr/local/rvm/gems/ruby-2.3.1/specifications/mail-2.7.1.gemspec
I, [2019-02-05T17:17:48.049801 #1444]  INFO -- : 0:  actionmailer (4.2.11) from /usr/local/rvm/gems/ruby-2.3.1/specifications/actionmailer-4.2.11.gemspec
I, [2019-02-05T17:17:48.050175 #1444]  INFO -- : 0:  activemodel (4.2.11) from /usr/local/rvm/gems/ruby-2.3.1/specifications/activemodel-4.2.11.gemspec
I, [2019-02-05T17:17:48.050556 #1444]  INFO -- : 0:  arel (6.0.4) from /usr/local/rvm/gems/ruby-2.3.1/specifications/arel-6.0.4.gemspec
I, [2019-02-05T17:17:48.050971 #1444]  INFO -- : 0:  activerecord (4.2.11) from /usr/local/rvm/gems/ruby-2.3.1/specifications/activerecord-4.2.11.gemspec
I, [2019-02-05T17:17:48.051288 #1444]  INFO -- : 0:  public_suffix (3.0.3) from /usr/local/rvm/gems/ruby-2.3.1/specifications/public_suffix-3.0.3.gemspec
I, [2019-02-05T17:17:48.051655 #1444]  INFO -- : 0:  addressable (2.6.0) from /usr/local/rvm/gems/ruby-2.3.1/specifications/addressable-2.6.0.gemspec
I, [2019-02-05T17:17:48.052002 #1444]  INFO -- : 0:  bundler (1.5.0) from /usr/local/rvm/gems/ruby-2.3.1/specifications/bundler-1.5.0.gemspec
I, [2019-02-05T17:17:48.052426 #1444]  INFO -- : 0:  byebug (10.0.2) from /usr/local/rvm/gems/ruby-2.3.1/specifications/byebug-10.0.2.gemspec
I, [2019-02-05T17:17:48.052756 #1444]  INFO -- : 0:  regexp_parser (1.3.0) from /usr/local/rvm/gems/ruby-2.3.1/specifications/regexp_parser-1.3.0.gemspec
I, [2019-02-05T17:17:48.053077 #1444]  INFO -- : 0:  xpath (3.2.0) from /usr/local/rvm/gems/ruby-2.3.1/specifications/xpath-3.2.0.gemspec
I, [2019-02-05T17:17:48.053437 #1444]  INFO -- : 0:  capybara (3.13.2) from /usr/local/rvm/gems/ruby-2.3.1/specifications/capybara-3.13.2.gemspec
I, [2019-02-05T17:17:48.053744 #1444]  INFO -- : 0:  coffee-script-source (1.12.2) from /usr/local/rvm/gems/ruby-2.3.1/specifications/coffee-script-source-1.12.2.gemspec
I, [2019-02-05T17:17:48.054102 #1444]  INFO -- : 0:  execjs (2.7.0) from /usr/local/rvm/gems/ruby-2.3.1/specifications/execjs-2.7.0.gemspec
I, [2019-02-05T17:17:48.054390 #1444]  INFO -- : 0:  coffee-script (2.4.1) from /usr/local/rvm/gems/ruby-2.3.1/specifications/coffee-script-2.4.1.gemspec
I, [2019-02-05T17:17:48.054726 #1444]  INFO -- : 0:  thor (0.20.3) from /usr/local/rvm/gems/ruby-2.3.1/specifications/thor-0.20.3.gemspec
I, [2019-02-05T17:17:48.055223 #1444]  INFO -- : 0:  railties (4.2.11) from /usr/local/rvm/gems/ruby-2.3.1/specifications/railties-4.2.11.gemspec
I, [2019-02-05T17:17:48.055606 #1444]  INFO -- : 0:  coffee-rails (4.1.1) from /usr/local/rvm/gems/ruby-2.3.1/specifications/coffee-rails-4.1.1.gemspec
I, [2019-02-05T17:17:48.056007 #1444]  INFO -- : 0:  database_cleaner (1.7.0) from /usr/local/rvm/gems/ruby-2.3.1/specifications/database_cleaner-1.7.0.gemspec
I, [2019-02-05T17:17:48.056401 #1444]  INFO -- : 0:  diff-lcs (1.3) from /usr/local/rvm/gems/ruby-2.3.1/specifications/diff-lcs-1.3.gemspec
I, [2019-02-05T17:17:48.056767 #1444]  INFO -- : 0:  factory_girl (4.9.0) from /usr/local/rvm/gems/ruby-2.3.1/specifications/factory_girl-4.9.0.gemspec
I, [2019-02-05T17:17:48.057154 #1444]  INFO -- : 0:  factory_girl_rails (4.9.0) from /usr/local/rvm/gems/ruby-2.3.1/specifications/factory_girl_rails-4.9.0.gemspec
I, [2019-02-05T17:17:48.057506 #1444]  INFO -- : 0:  ffi (1.10.0) from /usr/local/rvm/gems/ruby-2.3.1/specifications/ffi-1.10.0.gemspec
I, [2019-02-05T17:17:48.057825 #1444]  INFO -- : 0:  multi_json (1.13.1) from /usr/local/rvm/gems/ruby-2.3.1/specifications/multi_json-1.13.1.gemspec
I, [2019-02-05T17:17:48.058250 #1444]  INFO -- : 0:  jbuilder (2.8.0) from /usr/local/rvm/gems/ruby-2.3.1/specifications/jbuilder-2.8.0.gemspec
I, [2019-02-05T17:17:48.058636 #1444]  INFO -- : 0:  jquery-rails (4.3.3) from /usr/local/rvm/gems/ruby-2.3.1/specifications/jquery-rails-4.3.3.gemspec
I, [2019-02-05T17:17:48.059035 #1444]  INFO -- : 0:  json (1.8.6) from /usr/local/rvm/gems/ruby-2.3.1/specifications/json-1.8.6.gemspec
I, [2019-02-05T17:17:48.059325 #1444]  INFO -- : 0:  sprockets (3.7.2) from /usr/local/rvm/gems/ruby-2.3.1/specifications/sprockets-3.7.2.gemspec
I, [2019-02-05T17:17:48.059625 #1444]  INFO -- : 0:  sprockets-rails (3.2.1) from /usr/local/rvm/gems/ruby-2.3.1/specifications/sprockets-rails-3.2.1.gemspec
I, [2019-02-05T17:17:48.387198 #1444]  INFO -- : 0:  rails (4.2.11) from /usr/local/rvm/gems/ruby-2.3.1/specifications/rails-4.2.11.gemspec
I, [2019-02-05T17:17:48.387735 #1444]  INFO -- : 0:  rb-fsevent (0.10.3) from /usr/local/rvm/gems/ruby-2.3.1/specifications/rb-fsevent-0.10.3.gemspec
I, [2019-02-05T17:17:48.388148 #1444]  INFO -- : 0:  rb-inotify (0.10.0) from /usr/local/rvm/gems/ruby-2.3.1/specifications/rb-inotify-0.10.0.gemspec
I, [2019-02-05T17:17:48.773376 #1444]  INFO -- : 0:  rdoc (4.3.0) from /usr/local/rvm/gems/ruby-2.3.1/specifications/rdoc-4.3.0.gemspec
I, [2019-02-05T17:17:48.774172 #1444]  INFO -- : 0:  rspec-support (3.8.0) from /usr/local/rvm/gems/ruby-2.3.1/specifications/rspec-support-3.8.0.gemspec
I, [2019-02-05T17:17:48.774449 #1444]  INFO -- : 0:  rspec-core (3.8.0) from /usr/local/rvm/gems/ruby-2.3.1/specifications/rspec-core-3.8.0.gemspec
I, [2019-02-05T17:17:48.774782 #1444]  INFO -- : 0:  rspec-expectations (3.8.2) from /usr/local/rvm/gems/ruby-2.3.1/specifications/rspec-expectations-3.8.2.gemspec
I, [2019-02-05T17:17:48.775239 #1444]  INFO -- : 0:  rspec-mocks (3.8.0) from /usr/local/rvm/gems/ruby-2.3.1/specifications/rspec-mocks-3.8.0.gemspec
I, [2019-02-05T17:17:48.775603 #1444]  INFO -- : 0:  rspec-rails (3.8.2) from /usr/local/rvm/gems/ruby-2.3.1/specifications/rspec-rails-3.8.2.gemspec
I, [2019-02-05T17:17:48.775980 #1444]  INFO -- : 0:  sass-listen (4.0.0) from /usr/local/rvm/gems/ruby-2.3.1/specifications/sass-listen-4.0.0.gemspec
I, [2019-02-05T17:17:48.776603 #1444]  INFO -- : 0:  sass (3.7.3) from /usr/local/rvm/gems/ruby-2.3.1/specifications/sass-3.7.3.gemspec
I, [2019-02-05T17:17:48.776959 #1444]  INFO -- : 0:  tilt (2.0.9) from /usr/local/rvm/gems/ruby-2.3.1/specifications/tilt-2.0.9.gemspec
I, [2019-02-05T17:17:48.777323 #1444]  INFO -- : 0:  sass-rails (5.0.7) from /usr/local/rvm/gems/ruby-2.3.1/specifications/sass-rails-5.0.7.gemspec
I, [2019-02-05T17:17:48.778059 #1444]  INFO -- : 0:  sdoc (0.4.2) from /usr/local/rvm/gems/ruby-2.3.1/specifications/sdoc-0.4.2.gemspec
I, [2019-02-05T17:17:48.778311 #1444]  INFO -- : 0:  spring (2.0.2) from /usr/local/rvm/gems/ruby-2.3.1/specifications/spring-2.0.2.gemspec
E, [2019-02-05T17:17:48.841852 #1444] ERROR -- : Gem::Ext::BuildError: ERROR: Failed to build gem native extension.

    current directory: /usr/local/rvm/gems/ruby-2.3.1/gems/sqlite3-1.4.0/ext/sqlite3
/usr/local/rvm/rubies/ruby-2.3.1/bin/ruby -I /usr/local/rvm/rubies/ruby-2.3.1/lib/ruby/site_ruby/2.3.0 -r ./siteconf20190205-1444-1tniqup.rb extconf.rb ''
extconf failedno implicit conversion of nil into String

Gem files will remain installed in /usr/local/rvm/gems/ruby-2.3.1/gems/sqlite3-1.4.0 for inspection.
Results logged to /usr/local/rvm/gems/ruby-2.3.1/extensions/x86_64-linux/2.3.0/sqlite3-1.4.0/gem_make.out

/usr/local/rvm/rubies/ruby-2.3.1/lib/ruby/site_ruby/2.3.0/rubygems/ext/builder.rb:84:in `rescue in run'  \n/usr/local/rvm/rubies/ruby-2.3.1/lib/ruby/site_ruby/2.3.0/rubygems/ext/builder.rb:87:in `run'  \n/usr/local/rvm/rubies/ruby-2.3.1/lib/ruby/site_ruby/2.3.0/rubygems/ext/ext_conf_builder.rb:47:in `block in build'  \n/usr/local/rvm/rubies/ruby-2.3.1/lib/ruby/2.3.0/tempfile.rb:295:in `open'  \n/usr/local/rvm/rubies/ruby-2.3.1/lib/ruby/site_ruby/2.3.0/rubygems/ext/ext_conf_builder.rb:29:in `build'  \n/usr/local/rvm/rubies/ruby-2.3.1/lib/ruby/site_ruby/2.3.0/rubygems/ext/builder.rb:185:in `block in build_extension'  \n/usr/local/rvm/rubies/ruby-2.3.1/lib/ruby/site_ruby/2.3.0/rubygems/ext/builder.rb:181:in `synchronize'  \n/usr/local/rvm/rubies/ruby-2.3.1/lib/ruby/site_ruby/2.3.0/rubygems/ext/builder.rb:181:in `build_extension'  \n/usr/local/rvm/rubies/ruby-2.3.1/lib/ruby/site_ruby/2.3.0/rubygems/ext/builder.rb:229:in `block in build_extensions'  \n/usr/local/rvm/rubies/ruby-2.3.1/lib/ruby/site_ruby/2.3.0/rubygems/ext/builder.rb:226:in `each'  \n/usr/local/rvm/rubies/ruby-2.3.1/lib/ruby/site_ruby/2.3.0/rubygems/ext/builder.rb:226:in `build_extensions'  \n/usr/local/rvm/rubies/ruby-2.3.1/lib/ruby/site_ruby/2.3.0/rubygems/installer.rb:813:in `build_extensions'  \n/usr/local/rvm/rubies/ruby-2.3.1/lib/ruby/site_ruby/2.3.0/rubygems/installer.rb:320:in `install'  \n/usr/local/rvm/gems/ruby-2.3.1/gems/bundler-1.5.0/lib/bundler/source/rubygems.rb:101:in `block in install'  \n/usr/local/rvm/gems/ruby-2.3.1/gems/bundler-1.5.0/lib/bundler/rubygems_integration.rb:118:in `preserve_paths'  \n/usr/local/rvm/gems/ruby-2.3.1/gems/bundler-1.5.0/lib/bundler/source/rubygems.rb:94:in `install'  \n/usr/local/rvm/gems/ruby-2.3.1/gems/bundler-1.5.0/lib/bundler/installer.rb:111:in `block in install_gem_from_spec'  \n/usr/local/rvm/gems/ruby-2.3.1/gems/bundler-1.5.0/lib/bundler/rubygems_integration.rb:150:in `with_build_args'  \n/usr/local/rvm/gems/ruby-2.3.1/gems/bundler-1.5.0/lib/bundler/installer.rb:110:in `install_gem_from_spec'  \n/usr/local/rvm/gems/ruby-2.3.1/gems/bundler-1.5.0/lib/bundler/installer.rb:295:in `block in install_sequentially'  \n/usr/local/rvm/rubies/ruby-2.3.1/lib/ruby/2.3.0/forwardable.rb:189:in `each'  \n/usr/local/rvm/rubies/ruby-2.3.1/lib/ruby/2.3.0/forwardable.rb:189:in `each'  \n/usr/local/rvm/gems/ruby-2.3.1/gems/bundler-1.5.0/lib/bundler/installer.rb:294:in `install_sequentially'  \n/usr/local/rvm/gems/ruby-2.3.1/gems/bundler-1.5.0/lib/bundler/installer.rb:97:in `run'  \n/usr/local/rvm/gems/ruby-2.3.1/gems/bundler-1.5.0/lib/bundler/installer.rb:15:in `install'  \n/usr/local/rvm/gems/ruby-2.3.1/gems/bundler-1.5.0/lib/bundler/cli.rb:257:in `install'  \n/usr/local/rvm/gems/ruby-2.3.1/gems/bundler-1.5.0/lib/bundler/vendor/thor/command.rb:27:in `run'  \n/usr/local/rvm/gems/ruby-2.3.1/gems/bundler-1.5.0/lib/bundler/vendor/thor/invocation.rb:120:in `invoke_command'  \n/usr/local/rvm/gems/ruby-2.3.1/gems/bundler-1.5.0/lib/bundler/vendor/thor.rb:363:in `dispatch'  \n/usr/local/rvm/gems/ruby-2.3.1/gems/bundler-1.5.0/lib/bundler/vendor/thor/base.rb:438:in `start'  \n/usr/local/rvm/gems/ruby-2.3.1/gems/bundler-1.5.0/lib/bundler/cli.rb:10:in `start'  \n/usr/local/rvm/gems/ruby-2.3.1/gems/bundler-1.5.0/bin/bundle:22:in `block in <top (required)>'  \n/usr/local/rvm/gems/ruby-2.3.1/gems/bundler-1.5.0/lib/bundler/friendly_errors.rb:5:in `with_friendly_errors'  \n/usr/local/rvm/gems/ruby-2.3.1/gems/bundler-1.5.0/bin/bundle:22:in `<top (required)>'  \n/usr/local/rvm/gems/ruby-2.3.1/bin/bundle:23:in `load'  \n/usr/local/rvm/gems/ruby-2.3.1/bin/bundle:23:in `<main>'  \n/usr/local/rvm/gems/ruby-2.3.1/bin/ruby_executable_hooks:15:in `eval'  \n/usr/local/rvm/gems/ruby-2.3.1/bin/ruby_executable_hooks:15:in `<main>'
I, [2019-02-05T17:18:16.704473 #1709]  INFO -- : 0:  rake (12.3.2) from /usr/local/rvm/gems/ruby-2.3.1/specifications/rake-12.3.2.gemspec
I, [2019-02-05T17:18:16.704870 #1709]  INFO -- : 0:  concurrent-ruby (1.1.4) from /usr/local/rvm/gems/ruby-2.3.1/specifications/concurrent-ruby-1.1.4.gemspec
I, [2019-02-05T17:18:16.705250 #1709]  INFO -- : 0:  i18n (0.9.5) from /usr/local/rvm/gems/ruby-2.3.1/specifications/i18n-0.9.5.gemspec
I, [2019-02-05T17:18:16.705610 #1709]  INFO -- : 0:  minitest (5.11.3) from /usr/local/rvm/gems/ruby-2.3.1/specifications/minitest-5.11.3.gemspec
I, [2019-02-05T17:18:16.705991 #1709]  INFO -- : 0:  thread_safe (0.3.6) from /usr/local/rvm/gems/ruby-2.3.1/specifications/thread_safe-0.3.6.gemspec
I, [2019-02-05T17:18:16.706362 #1709]  INFO -- : 0:  tzinfo (1.2.5) from /usr/local/rvm/gems/ruby-2.3.1/specifications/tzinfo-1.2.5.gemspec
I, [2019-02-05T17:18:16.706761 #1709]  INFO -- : 0:  activesupport (4.2.11) from /usr/local/rvm/gems/ruby-2.3.1/specifications/activesupport-4.2.11.gemspec
I, [2019-02-05T17:18:16.707097 #1709]  INFO -- : 0:  builder (3.2.3) from /usr/local/rvm/gems/ruby-2.3.1/specifications/builder-3.2.3.gemspec
I, [2019-02-05T17:18:16.707501 #1709]  INFO -- : 0:  erubis (2.7.0) from /usr/local/rvm/gems/ruby-2.3.1/specifications/erubis-2.7.0.gemspec
I, [2019-02-05T17:18:16.707934 #1709]  INFO -- : 0:  mini_portile2 (2.4.0) from /usr/local/rvm/gems/ruby-2.3.1/specifications/mini_portile2-2.4.0.gemspec
I, [2019-02-05T17:18:16.708402 #1709]  INFO -- : 0:  nokogiri (1.10.1) from /usr/local/rvm/gems/ruby-2.3.1/specifications/nokogiri-1.10.1.gemspec
I, [2019-02-05T17:18:16.708813 #1709]  INFO -- : 0:  rails-deprecated_sanitizer (1.0.3) from /usr/local/rvm/gems/ruby-2.3.1/specifications/rails-deprecated_sanitizer-1.0.3.gemspec
I, [2019-02-05T17:18:16.709316 #1709]  INFO -- : 0:  rails-dom-testing (1.0.9) from /usr/local/rvm/gems/ruby-2.3.1/specifications/rails-dom-testing-1.0.9.gemspec
I, [2019-02-05T17:18:16.709736 #1709]  INFO -- : 0:  crass (1.0.4) from /usr/local/rvm/gems/ruby-2.3.1/specifications/crass-1.0.4.gemspec
I, [2019-02-05T17:18:16.710120 #1709]  INFO -- : 0:  loofah (2.2.3) from /usr/local/rvm/gems/ruby-2.3.1/specifications/loofah-2.2.3.gemspec
I, [2019-02-05T17:18:16.710489 #1709]  INFO -- : 0:  rails-html-sanitizer (1.0.4) from /usr/local/rvm/gems/ruby-2.3.1/specifications/rails-html-sanitizer-1.0.4.gemspec
I, [2019-02-05T17:18:16.711025 #1709]  INFO -- : 0:  actionview (4.2.11) from /usr/local/rvm/gems/ruby-2.3.1/specifications/actionview-4.2.11.gemspec
I, [2019-02-05T17:18:16.711413 #1709]  INFO -- : 0:  rack (1.6.11) from /usr/local/rvm/gems/ruby-2.3.1/specifications/rack-1.6.11.gemspec
I, [2019-02-05T17:18:16.711800 #1709]  INFO -- : 0:  rack-test (0.6.3) from /usr/local/rvm/gems/ruby-2.3.1/specifications/rack-test-0.6.3.gemspec
I, [2019-02-05T17:18:16.712156 #1709]  INFO -- : 0:  actionpack (4.2.11) from /usr/local/rvm/gems/ruby-2.3.1/specifications/actionpack-4.2.11.gemspec
I, [2019-02-05T17:18:16.712477 #1709]  INFO -- : 0:  globalid (0.4.2) from /usr/local/rvm/gems/ruby-2.3.1/specifications/globalid-0.4.2.gemspec
I, [2019-02-05T17:18:16.712920 #1709]  INFO -- : 0:  activejob (4.2.11) from /usr/local/rvm/gems/ruby-2.3.1/specifications/activejob-4.2.11.gemspec
I, [2019-02-05T17:18:16.713310 #1709]  INFO -- : 0:  mini_mime (1.0.1) from /usr/local/rvm/gems/ruby-2.3.1/specifications/mini_mime-1.0.1.gemspec
I, [2019-02-05T17:18:16.713719 #1709]  INFO -- : 0:  mail (2.7.1) from /usr/local/rvm/gems/ruby-2.3.1/specifications/mail-2.7.1.gemspec
I, [2019-02-05T17:18:16.714099 #1709]  INFO -- : 0:  actionmailer (4.2.11) from /usr/local/rvm/gems/ruby-2.3.1/specifications/actionmailer-4.2.11.gemspec
I, [2019-02-05T17:18:16.714467 #1709]  INFO -- : 0:  activemodel (4.2.11) from /usr/local/rvm/gems/ruby-2.3.1/specifications/activemodel-4.2.11.gemspec
I, [2019-02-05T17:18:16.714823 #1709]  INFO -- : 0:  arel (6.0.4) from /usr/local/rvm/gems/ruby-2.3.1/specifications/arel-6.0.4.gemspec
I, [2019-02-05T17:18:16.715179 #1709]  INFO -- : 0:  activerecord (4.2.11) from /usr/local/rvm/gems/ruby-2.3.1/specifications/activerecord-4.2.11.gemspec
I, [2019-02-05T17:18:16.715470 #1709]  INFO -- : 0:  public_suffix (3.0.3) from /usr/local/rvm/gems/ruby-2.3.1/specifications/public_suffix-3.0.3.gemspec
I, [2019-02-05T17:18:16.715846 #1709]  INFO -- : 0:  addressable (2.6.0) from /usr/local/rvm/gems/ruby-2.3.1/specifications/addressable-2.6.0.gemspec
I, [2019-02-05T17:18:16.716150 #1709]  INFO -- : 0:  bundler (1.5.0) from /usr/local/rvm/gems/ruby-2.3.1/specifications/bundler-1.5.0.gemspec
I, [2019-02-05T17:18:16.716473 #1709]  INFO -- : 0:  byebug (10.0.2) from /usr/local/rvm/gems/ruby-2.3.1/specifications/byebug-10.0.2.gemspec
I, [2019-02-05T17:18:16.716911 #1709]  INFO -- : 0:  regexp_parser (1.3.0) from /usr/local/rvm/gems/ruby-2.3.1/specifications/regexp_parser-1.3.0.gemspec
I, [2019-02-05T17:18:16.717235 #1709]  INFO -- : 0:  xpath (3.2.0) from /usr/local/rvm/gems/ruby-2.3.1/specifications/xpath-3.2.0.gemspec
I, [2019-02-05T17:18:16.717593 #1709]  INFO -- : 0:  capybara (3.13.2) from /usr/local/rvm/gems/ruby-2.3.1/specifications/capybara-3.13.2.gemspec
I, [2019-02-05T17:18:16.718030 #1709]  INFO -- : 0:  coffee-script-source (1.12.2) from /usr/local/rvm/gems/ruby-2.3.1/specifications/coffee-script-source-1.12.2.gemspec
I, [2019-02-05T17:18:16.718420 #1709]  INFO -- : 0:  execjs (2.7.0) from /usr/local/rvm/gems/ruby-2.3.1/specifications/execjs-2.7.0.gemspec
I, [2019-02-05T17:18:16.718861 #1709]  INFO -- : 0:  coffee-script (2.4.1) from /usr/local/rvm/gems/ruby-2.3.1/specifications/coffee-script-2.4.1.gemspec
I, [2019-02-05T17:18:16.719114 #1709]  INFO -- : 0:  thor (0.20.3) from /usr/local/rvm/gems/ruby-2.3.1/specifications/thor-0.20.3.gemspec
I, [2019-02-05T17:18:16.719548 #1709]  INFO -- : 0:  railties (4.2.11) from /usr/local/rvm/gems/ruby-2.3.1/specifications/railties-4.2.11.gemspec
I, [2019-02-05T17:18:16.719866 #1709]  INFO -- : 0:  coffee-rails (4.1.1) from /usr/local/rvm/gems/ruby-2.3.1/specifications/coffee-rails-4.1.1.gemspec
I, [2019-02-05T17:18:16.720159 #1709]  INFO -- : 0:  database_cleaner (1.7.0) from /usr/local/rvm/gems/ruby-2.3.1/specifications/database_cleaner-1.7.0.gemspec
I, [2019-02-05T17:18:16.720450 #1709]  INFO -- : 0:  diff-lcs (1.3) from /usr/local/rvm/gems/ruby-2.3.1/specifications/diff-lcs-1.3.gemspec
I, [2019-02-05T17:18:16.720729 #1709]  INFO -- : 0:  factory_girl (4.9.0) from /usr/local/rvm/gems/ruby-2.3.1/specifications/factory_girl-4.9.0.gemspec
I, [2019-02-05T17:18:16.721018 #1709]  INFO -- : 0:  factory_girl_rails (4.9.0) from /usr/local/rvm/gems/ruby-2.3.1/specifications/factory_girl_rails-4.9.0.gemspec
I, [2019-02-05T17:18:16.721307 #1709]  INFO -- : 0:  ffi (1.10.0) from /usr/local/rvm/gems/ruby-2.3.1/specifications/ffi-1.10.0.gemspec
I, [2019-02-05T17:18:16.721606 #1709]  INFO -- : 0:  multi_json (1.13.1) from /usr/local/rvm/gems/ruby-2.3.1/specifications/multi_json-1.13.1.gemspec
I, [2019-02-05T17:18:16.722057 #1709]  INFO -- : 0:  jbuilder (2.8.0) from /usr/local/rvm/gems/ruby-2.3.1/specifications/jbuilder-2.8.0.gemspec
I, [2019-02-05T17:18:16.722486 #1709]  INFO -- : 0:  jquery-rails (4.3.3) from /usr/local/rvm/gems/ruby-2.3.1/specifications/jquery-rails-4.3.3.gemspec
I, [2019-02-05T17:18:16.722911 #1709]  INFO -- : 0:  json (1.8.6) from /usr/local/rvm/gems/ruby-2.3.1/specifications/json-1.8.6.gemspec
I, [2019-02-05T17:18:16.723364 #1709]  INFO -- : 0:  sprockets (3.7.2) from /usr/local/rvm/gems/ruby-2.3.1/specifications/sprockets-3.7.2.gemspec
I, [2019-02-05T17:18:16.723853 #1709]  INFO -- : 0:  sprockets-rails (3.2.1) from /usr/local/rvm/gems/ruby-2.3.1/specifications/sprockets-rails-3.2.1.gemspec
I, [2019-02-05T17:18:16.724248 #1709]  INFO -- : 0:  rails (4.2.11) from /usr/local/rvm/gems/ruby-2.3.1/specifications/rails-4.2.11.gemspec
I, [2019-02-05T17:18:16.724655 #1709]  INFO -- : 0:  rb-fsevent (0.10.3) from /usr/local/rvm/gems/ruby-2.3.1/specifications/rb-fsevent-0.10.3.gemspec
I, [2019-02-05T17:18:16.725058 #1709]  INFO -- : 0:  rb-inotify (0.10.0) from /usr/local/rvm/gems/ruby-2.3.1/specifications/rb-inotify-0.10.0.gemspec
I, [2019-02-05T17:18:16.725456 #1709]  INFO -- : 0:  rdoc (4.3.0) from /usr/local/rvm/gems/ruby-2.3.1/specifications/rdoc-4.3.0.gemspec
I, [2019-02-05T17:18:16.725854 #1709]  INFO -- : 0:  rspec-support (3.8.0) from /usr/local/rvm/gems/ruby-2.3.1/specifications/rspec-support-3.8.0.gemspec
I, [2019-02-05T17:18:16.726176 #1709]  INFO -- : 0:  rspec-core (3.8.0) from /usr/local/rvm/gems/ruby-2.3.1/specifications/rspec-core-3.8.0.gemspec
I, [2019-02-05T17:18:16.726457 #1709]  INFO -- : 0:  rspec-expectations (3.8.2) from /usr/local/rvm/gems/ruby-2.3.1/specifications/rspec-expectations-3.8.2.gemspec
I, [2019-02-05T17:18:16.726817 #1709]  INFO -- : 0:  rspec-mocks (3.8.0) from /usr/local/rvm/gems/ruby-2.3.1/specifications/rspec-mocks-3.8.0.gemspec
I, [2019-02-05T17:18:16.727106 #1709]  INFO -- : 0:  rspec-rails (3.8.2) from /usr/local/rvm/gems/ruby-2.3.1/specifications/rspec-rails-3.8.2.gemspec
I, [2019-02-05T17:18:16.727400 #1709]  INFO -- : 0:  sass-listen (4.0.0) from /usr/local/rvm/gems/ruby-2.3.1/specifications/sass-listen-4.0.0.gemspec
I, [2019-02-05T17:18:16.727709 #1709]  INFO -- : 0:  sass (3.7.3) from /usr/local/rvm/gems/ruby-2.3.1/specifications/sass-3.7.3.gemspec
I, [2019-02-05T17:18:16.728073 #1709]  INFO -- : 0:  tilt (2.0.9) from /usr/local/rvm/gems/ruby-2.3.1/specifications/tilt-2.0.9.gemspec
I, [2019-02-05T17:18:16.728478 #1709]  INFO -- : 0:  sass-rails (5.0.7) from /usr/local/rvm/gems/ruby-2.3.1/specifications/sass-rails-5.0.7.gemspec
I, [2019-02-05T17:18:16.728868 #1709]  INFO -- : 0:  sdoc (0.4.2) from /usr/local/rvm/gems/ruby-2.3.1/specifications/sdoc-0.4.2.gemspec
I, [2019-02-05T17:18:16.729254 #1709]  INFO -- : 0:  spring (2.0.2) from /usr/local/rvm/gems/ruby-2.3.1/specifications/spring-2.0.2.gemspec
I, [2019-02-05T17:18:16.729654 #1709]  INFO -- : 0:  sqlite3 (1.4.0) from /usr/local/rvm/gems/ruby-2.3.1/specifications/sqlite3-1.4.0.gemspec
I, [2019-02-05T17:18:16.730056 #1709]  INFO -- : 0:  turbolinks-source (5.2.0) from /usr/local/rvm/gems/ruby-2.3.1/specifications/turbolinks-source-5.2.0.gemspec
I, [2019-02-05T17:18:16.730364 #1709]  INFO -- : 0:  turbolinks (5.2.0) from /usr/local/rvm/gems/ruby-2.3.1/specifications/turbolinks-5.2.0.gemspec
I, [2019-02-05T17:18:16.730692 #1709]  INFO -- : 0:  uglifier (4.1.20) from /usr/local/rvm/gems/ruby-2.3.1/specifications/uglifier-4.1.20.gemspec
I, [2019-02-05T17:20:45.060441 #1994]  INFO -- : 0:  rake (12.3.2) from /usr/local/rvm/gems/ruby-2.3.1/specifications/rake-12.3.2.gemspec
I, [2019-02-05T17:20:45.061048 #1994]  INFO -- : 0:  concurrent-ruby (1.1.4) from /usr/local/rvm/gems/ruby-2.3.1/specifications/concurrent-ruby-1.1.4.gemspec
I, [2019-02-05T17:20:45.061581 #1994]  INFO -- : 0:  i18n (0.9.5) from /usr/local/rvm/gems/ruby-2.3.1/specifications/i18n-0.9.5.gemspec
I, [2019-02-05T17:20:45.062002 #1994]  INFO -- : 0:  minitest (5.11.3) from /usr/local/rvm/gems/ruby-2.3.1/specifications/minitest-5.11.3.gemspec
I, [2019-02-05T17:20:45.062289 #1994]  INFO -- : 0:  thread_safe (0.3.6) from /usr/local/rvm/gems/ruby-2.3.1/specifications/thread_safe-0.3.6.gemspec
I, [2019-02-05T17:20:45.062554 #1994]  INFO -- : 0:  tzinfo (1.2.5) from /usr/local/rvm/gems/ruby-2.3.1/specifications/tzinfo-1.2.5.gemspec
I, [2019-02-05T17:20:45.062864 #1994]  INFO -- : 0:  activesupport (4.2.11) from /usr/local/rvm/gems/ruby-2.3.1/specifications/activesupport-4.2.11.gemspec
I, [2019-02-05T17:20:45.063179 #1994]  INFO -- : 0:  builder (3.2.3) from /usr/local/rvm/gems/ruby-2.3.1/specifications/builder-3.2.3.gemspec
I, [2019-02-05T17:20:45.063458 #1994]  INFO -- : 0:  erubis (2.7.0) from /usr/local/rvm/gems/ruby-2.3.1/specifications/erubis-2.7.0.gemspec
I, [2019-02-05T17:20:45.063763 #1994]  INFO -- : 0:  mini_portile2 (2.4.0) from /usr/local/rvm/gems/ruby-2.3.1/specifications/mini_portile2-2.4.0.gemspec
I, [2019-02-05T17:20:45.064062 #1994]  INFO -- : 0:  nokogiri (1.10.1) from /usr/local/rvm/gems/ruby-2.3.1/specifications/nokogiri-1.10.1.gemspec
I, [2019-02-05T17:20:45.064546 #1994]  INFO -- : 0:  rails-deprecated_sanitizer (1.0.3) from /usr/local/rvm/gems/ruby-2.3.1/specifications/rails-deprecated_sanitizer-1.0.3.gemspec
I, [2019-02-05T17:20:45.064929 #1994]  INFO -- : 0:  rails-dom-testing (1.0.9) from /usr/local/rvm/gems/ruby-2.3.1/specifications/rails-dom-testing-1.0.9.gemspec
I, [2019-02-05T17:20:45.065184 #1994]  INFO -- : 0:  crass (1.0.4) from /usr/local/rvm/gems/ruby-2.3.1/specifications/crass-1.0.4.gemspec
I, [2019-02-05T17:20:45.065443 #1994]  INFO -- : 0:  loofah (2.2.3) from /usr/local/rvm/gems/ruby-2.3.1/specifications/loofah-2.2.3.gemspec
I, [2019-02-05T17:20:45.065724 #1994]  INFO -- : 0:  rails-html-sanitizer (1.0.4) from /usr/local/rvm/gems/ruby-2.3.1/specifications/rails-html-sanitizer-1.0.4.gemspec
I, [2019-02-05T17:20:45.066054 #1994]  INFO -- : 0:  actionview (4.2.11) from /usr/local/rvm/gems/ruby-2.3.1/specifications/actionview-4.2.11.gemspec
I, [2019-02-05T17:20:45.066365 #1994]  INFO -- : 0:  rack (1.6.11) from /usr/local/rvm/gems/ruby-2.3.1/specifications/rack-1.6.11.gemspec
I, [2019-02-05T17:20:45.066683 #1994]  INFO -- : 0:  rack-test (0.6.3) from /usr/local/rvm/gems/ruby-2.3.1/specifications/rack-test-0.6.3.gemspec
I, [2019-02-05T17:20:45.067054 #1994]  INFO -- : 0:  actionpack (4.2.11) from /usr/local/rvm/gems/ruby-2.3.1/specifications/actionpack-4.2.11.gemspec
I, [2019-02-05T17:20:45.067356 #1994]  INFO -- : 0:  globalid (0.4.2) from /usr/local/rvm/gems/ruby-2.3.1/specifications/globalid-0.4.2.gemspec
I, [2019-02-05T17:20:45.067650 #1994]  INFO -- : 0:  activejob (4.2.11) from /usr/local/rvm/gems/ruby-2.3.1/specifications/activejob-4.2.11.gemspec
I, [2019-02-05T17:20:45.067950 #1994]  INFO -- : 0:  mini_mime (1.0.1) from /usr/local/rvm/gems/ruby-2.3.1/specifications/mini_mime-1.0.1.gemspec
I, [2019-02-05T17:20:45.068197 #1994]  INFO -- : 0:  mail (2.7.1) from /usr/local/rvm/gems/ruby-2.3.1/specifications/mail-2.7.1.gemspec
I, [2019-02-05T17:20:45.068477 #1994]  INFO -- : 0:  actionmailer (4.2.11) from /usr/local/rvm/gems/ruby-2.3.1/specifications/actionmailer-4.2.11.gemspec
I, [2019-02-05T17:20:45.068797 #1994]  INFO -- : 0:  activemodel (4.2.11) from /usr/local/rvm/gems/ruby-2.3.1/specifications/activemodel-4.2.11.gemspec
I, [2019-02-05T17:20:45.069094 #1994]  INFO -- : 0:  arel (6.0.4) from /usr/local/rvm/gems/ruby-2.3.1/specifications/arel-6.0.4.gemspec
I, [2019-02-05T17:20:45.069513 #1994]  INFO -- : 0:  activerecord (4.2.11) from /usr/local/rvm/gems/ruby-2.3.1/specifications/activerecord-4.2.11.gemspec
I, [2019-02-05T17:20:45.069774 #1994]  INFO -- : 0:  public_suffix (3.0.3) from /usr/local/rvm/gems/ruby-2.3.1/specifications/public_suffix-3.0.3.gemspec
I, [2019-02-05T17:20:45.070058 #1994]  INFO -- : 0:  addressable (2.6.0) from /usr/local/rvm/gems/ruby-2.3.1/specifications/addressable-2.6.0.gemspec
I, [2019-02-05T17:20:45.070581 #1994]  INFO -- : 0:  bundler (1.5.0) from /usr/local/rvm/gems/ruby-2.3.1/specifications/bundler-1.5.0.gemspec
I, [2019-02-05T17:20:45.070933 #1994]  INFO -- : 0:  byebug (10.0.2) from /usr/local/rvm/gems/ruby-2.3.1/specifications/byebug-10.0.2.gemspec
I, [2019-02-05T17:20:45.071167 #1994]  INFO -- : 0:  regexp_parser (1.3.0) from /usr/local/rvm/gems/ruby-2.3.1/specifications/regexp_parser-1.3.0.gemspec
I, [2019-02-05T17:20:45.071388 #1994]  INFO -- : 0:  xpath (3.2.0) from /usr/local/rvm/gems/ruby-2.3.1/specifications/xpath-3.2.0.gemspec
I, [2019-02-05T17:20:45.071621 #1994]  INFO -- : 0:  capybara (3.13.2) from /usr/local/rvm/gems/ruby-2.3.1/specifications/capybara-3.13.2.gemspec
I, [2019-02-05T17:20:45.071991 #1994]  INFO -- : 0:  coffee-script-source (1.12.2) from /usr/local/rvm/gems/ruby-2.3.1/specifications/coffee-script-source-1.12.2.gemspec
I, [2019-02-05T17:20:45.072383 #1994]  INFO -- : 0:  execjs (2.7.0) from /usr/local/rvm/gems/ruby-2.3.1/specifications/execjs-2.7.0.gemspec
I, [2019-02-05T17:20:45.072680 #1994]  INFO -- : 0:  coffee-script (2.4.1) from /usr/local/rvm/gems/ruby-2.3.1/specifications/coffee-script-2.4.1.gemspec
I, [2019-02-05T17:20:45.072950 #1994]  INFO -- : 0:  thor (0.20.3) from /usr/local/rvm/gems/ruby-2.3.1/specifications/thor-0.20.3.gemspec
I, [2019-02-05T17:20:45.073341 #1994]  INFO -- : 0:  railties (4.2.11) from /usr/local/rvm/gems/ruby-2.3.1/specifications/railties-4.2.11.gemspec
I, [2019-02-05T17:20:45.073704 #1994]  INFO -- : 0:  coffee-rails (4.1.1) from /usr/local/rvm/gems/ruby-2.3.1/specifications/coffee-rails-4.1.1.gemspec
I, [2019-02-05T17:20:45.074048 #1994]  INFO -- : 0:  database_cleaner (1.7.0) from /usr/local/rvm/gems/ruby-2.3.1/specifications/database_cleaner-1.7.0.gemspec
I, [2019-02-05T17:20:45.074275 #1994]  INFO -- : 0:  diff-lcs (1.3) from /usr/local/rvm/gems/ruby-2.3.1/specifications/diff-lcs-1.3.gemspec
I, [2019-02-05T17:20:45.074506 #1994]  INFO -- : 0:  factory_girl (4.9.0) from /usr/local/rvm/gems/ruby-2.3.1/specifications/factory_girl-4.9.0.gemspec
I, [2019-02-05T17:20:45.074759 #1994]  INFO -- : 0:  factory_girl_rails (4.9.0) from /usr/local/rvm/gems/ruby-2.3.1/specifications/factory_girl_rails-4.9.0.gemspec
I, [2019-02-05T17:20:45.075067 #1994]  INFO -- : 0:  ffi (1.10.0) from /usr/local/rvm/gems/ruby-2.3.1/specifications/ffi-1.10.0.gemspec
I, [2019-02-05T17:20:45.075363 #1994]  INFO -- : 0:  multi_json (1.13.1) from /usr/local/rvm/gems/ruby-2.3.1/specifications/multi_json-1.13.1.gemspec
I, [2019-02-05T17:20:45.075766 #1994]  INFO -- : 0:  jbuilder (2.8.0) from /usr/local/rvm/gems/ruby-2.3.1/specifications/jbuilder-2.8.0.gemspec
I, [2019-02-05T17:20:45.076034 #1994]  INFO -- : 0:  jquery-rails (4.3.3) from /usr/local/rvm/gems/ruby-2.3.1/specifications/jquery-rails-4.3.3.gemspec
I, [2019-02-05T17:20:45.076306 #1994]  INFO -- : 0:  json (1.8.6) from /usr/local/rvm/gems/ruby-2.3.1/specifications/json-1.8.6.gemspec
I, [2019-02-05T17:20:45.076543 #1994]  INFO -- : 0:  sprockets (3.7.2) from /usr/local/rvm/gems/ruby-2.3.1/specifications/sprockets-3.7.2.gemspec
I, [2019-02-05T17:20:45.076767 #1994]  INFO -- : 0:  sprockets-rails (3.2.1) from /usr/local/rvm/gems/ruby-2.3.1/specifications/sprockets-rails-3.2.1.gemspec
I, [2019-02-05T17:20:45.076975 #1994]  INFO -- : 0:  rails (4.2.11) from /usr/local/rvm/gems/ruby-2.3.1/specifications/rails-4.2.11.gemspec
I, [2019-02-05T17:20:45.077195 #1994]  INFO -- : 0:  rb-fsevent (0.10.3) from /usr/local/rvm/gems/ruby-2.3.1/specifications/rb-fsevent-0.10.3.gemspec
I, [2019-02-05T17:20:45.077462 #1994]  INFO -- : 0:  rb-inotify (0.10.0) from /usr/local/rvm/gems/ruby-2.3.1/specifications/rb-inotify-0.10.0.gemspec
I, [2019-02-05T17:20:45.077710 #1994]  INFO -- : 0:  rdoc (4.3.0) from /usr/local/rvm/gems/ruby-2.3.1/specifications/rdoc-4.3.0.gemspec
I, [2019-02-05T17:20:45.077954 #1994]  INFO -- : 0:  rspec-support (3.8.0) from /usr/local/rvm/gems/ruby-2.3.1/specifications/rspec-support-3.8.0.gemspec
I, [2019-02-05T17:20:45.078191 #1994]  INFO -- : 0:  rspec-core (3.8.0) from /usr/local/rvm/gems/ruby-2.3.1/specifications/rspec-core-3.8.0.gemspec
I, [2019-02-05T17:20:45.078480 #1994]  INFO -- : 0:  rspec-expectations (3.8.2) from /usr/local/rvm/gems/ruby-2.3.1/specifications/rspec-expectations-3.8.2.gemspec
I, [2019-02-05T17:20:45.078686 #1994]  INFO -- : 0:  rspec-mocks (3.8.0) from /usr/local/rvm/gems/ruby-2.3.1/specifications/rspec-mocks-3.8.0.gemspec
I, [2019-02-05T17:20:45.078929 #1994]  INFO -- : 0:  rspec-rails (3.8.2) from /usr/local/rvm/gems/ruby-2.3.1/specifications/rspec-rails-3.8.2.gemspec
I, [2019-02-05T17:20:45.079234 #1994]  INFO -- : 0:  sass-listen (4.0.0) from /usr/local/rvm/gems/ruby-2.3.1/specifications/sass-listen-4.0.0.gemspec
I, [2019-02-05T17:20:45.079489 #1994]  INFO -- : 0:  sass (3.7.3) from /usr/local/rvm/gems/ruby-2.3.1/specifications/sass-3.7.3.gemspec
I, [2019-02-05T17:20:45.079775 #1994]  INFO -- : 0:  tilt (2.0.9) from /usr/local/rvm/gems/ruby-2.3.1/specifications/tilt-2.0.9.gemspec
I, [2019-02-05T17:20:45.080037 #1994]  INFO -- : 0:  sass-rails (5.0.7) from /usr/local/rvm/gems/ruby-2.3.1/specifications/sass-rails-5.0.7.gemspec
I, [2019-02-05T17:20:45.080268 #1994]  INFO -- : 0:  sdoc (0.4.2) from /usr/local/rvm/gems/ruby-2.3.1/specifications/sdoc-0.4.2.gemspec
I, [2019-02-05T17:20:45.080476 #1994]  INFO -- : 0:  spring (2.0.2) from /usr/local/rvm/gems/ruby-2.3.1/specifications/spring-2.0.2.gemspec
I, [2019-02-05T17:20:45.080736 #1994]  INFO -- : 0:  sqlite3 (1.4.0) from /usr/local/rvm/gems/ruby-2.3.1/specifications/sqlite3-1.4.0.gemspec
I, [2019-02-05T17:20:45.080982 #1994]  INFO -- : 0:  turbolinks-source (5.2.0) from /usr/local/rvm/gems/ruby-2.3.1/specifications/turbolinks-source-5.2.0.gemspec
I, [2019-02-05T17:20:45.081187 #1994]  INFO -- : 0:  turbolinks (5.2.0) from /usr/local/rvm/gems/ruby-2.3.1/specifications/turbolinks-5.2.0.gemspec
I, [2019-02-05T17:20:45.081412 #1994]  INFO -- : 0:  uglifier (4.1.20) from /usr/local/rvm/gems/ruby-2.3.1/specifications/uglifier-4.1.20.gemspec
